Args in experiment:
Namespace(L=3, activation='gelu', base='legendre', batch_size=32, c_out=8, checkpoints='./checkpoints/', cross_activation='tanh', d_ff=2048, d_layers=1, d_model=512, data='custom', data_path='exchange_rate.csv', dec_in=8, des='Exp', detail_freq='h', devices='0,1', distil=True, do_predict=False, dropout=0.05, e_layers=2, embed='timeF', enc_in=8, factor=3, features='M', freq='h', gpu=0, is_training=1, itr=1, label_len=48, learning_rate=0.0001, loss='mse', lradj='type1', mode_select='random', model='FEDformer_Patch_wo_Channel_Independence', modes=64, moving_avg=[24], n_heads=8, num_workers=10, output_attention=False, patch_len=16, patience=3, pred_len=192, root_path='./dataset/exchange_rate/', seq_len=96, stride=8, target='OT', task_id='Exchange', train_epochs=10, use_amp=False, use_gpu=True, use_multi_gpu=False, version='Fourier')
Use GPU: cuda:0
w/o CI Model: patch_len=16, stride=8, num_patch=11
fourier enhanced block used!
modes=5, index=[0, 1, 2, 3, 4]
>>>>>>>start training : Exchange_FEDformer_Patch_wo_Channel_Independence_random_modes64_custom_ftM_sl96_ll48_pl192_dm512_nh8_el2_dl1_df2048_fc3_ebtimeF_dtTrue_Exp_0>>>>>>>>>>>>>>>>>>>>>>>>>>
train 5024
val 569
test 1326
Epoch: 1 cost time: 4.498619794845581
Epoch: 1, Steps: 157 | Train Loss: 0.7556765 Vali Loss: 1.2983762 Test Loss: 0.6280594
Validation loss decreased (inf --> 1.298376).  Saving model ...
Updating learning rate to 0.0001
Epoch: 2 cost time: 5.104339599609375
Epoch: 2, Steps: 157 | Train Loss: 0.3286310 Vali Loss: 0.5722842 Test Loss: 0.2726756
Validation loss decreased (1.298376 --> 0.572284).  Saving model ...
Updating learning rate to 5e-05
Epoch: 3 cost time: 4.816798210144043
Epoch: 3, Steps: 157 | Train Loss: 0.2714353 Vali Loss: 0.4747375 Test Loss: 0.2331693
Validation loss decreased (0.572284 --> 0.474737).  Saving model ...
Updating learning rate to 2.5e-05
Epoch: 4 cost time: 4.0334999561309814
Epoch: 4, Steps: 157 | Train Loss: 0.2504256 Vali Loss: 0.4516150 Test Loss: 0.2349668
Validation loss decreased (0.474737 --> 0.451615).  Saving model ...
Updating learning rate to 1.25e-05
Epoch: 5 cost time: 4.828617334365845
Epoch: 5, Steps: 157 | Train Loss: 0.2402442 Vali Loss: 0.4444470 Test Loss: 0.2299912
Validation loss decreased (0.451615 --> 0.444447).  Saving model ...
Updating learning rate to 6.25e-06
Epoch: 6 cost time: 4.417497873306274
Epoch: 6, Steps: 157 | Train Loss: 0.2356259 Vali Loss: 0.4651543 Test Loss: 0.2442468
EarlyStopping counter: 1 out of 3
Updating learning rate to 3.125e-06
Epoch: 7 cost time: 4.2607996463775635
Epoch: 7, Steps: 157 | Train Loss: 0.2325304 Vali Loss: 0.4520724 Test Loss: 0.2385966
EarlyStopping counter: 2 out of 3
Updating learning rate to 1.5625e-06
Epoch: 8 cost time: 4.952163457870483
Epoch: 8, Steps: 157 | Train Loss: 0.2314835 Vali Loss: 0.4475223 Test Loss: 0.2383254
EarlyStopping counter: 3 out of 3
Early stopping
>>>>>>>testing : Exchange_FEDformer_Patch_wo_Channel_Independence_random_modes64_custom_ftM_sl96_ll48_pl192_dm512_nh8_el2_dl1_df2048_fc3_ebtimeF_dtTrue_Exp_0<<<<<<<<<<<<<<<<<<<<<<<<<<<<<<<<<
test 1326
test shape: (41, 32, 192, 8) (41, 32, 192, 8)
test shape: (1312, 192, 8) (1312, 192, 8)
mse:0.22999124228954315, mae:0.3702237904071808
