Args in experiment:
Namespace(L=3, activation='gelu', base='legendre', batch_size=32, c_out=21, checkpoints='./checkpoints/', cross_activation='tanh', d_ff=2048, d_layers=1, d_model=512, data='custom', data_path='weather.csv', dec_in=21, des='Exp', detail_freq='h', devices='0,1', distil=True, do_predict=False, dropout=0.05, e_layers=2, embed='timeF', enc_in=21, factor=3, features='M', freq='h', gpu=0, is_training=1, itr=1, label_len=48, learning_rate=0.0001, loss='mse', lradj='type1', mode_select='random', model='FEDformer_Patch_wo_Channel_Independence', modes=64, moving_avg=[24], n_heads=8, num_workers=10, output_attention=False, patch_len=16, patience=3, pred_len=192, root_path='./dataset/weather/', seq_len=96, stride=8, target='OT', task_id='weather', train_epochs=10, use_amp=False, use_gpu=True, use_multi_gpu=False, version='Fourier')
Use GPU: cuda:0
w/o CI Model: patch_len=16, stride=8, num_patch=11
fourier enhanced block used!
modes=5, index=[0, 1, 2, 3, 4]
>>>>>>>start training : weather_FEDformer_Patch_wo_Channel_Independence_random_modes64_custom_ftM_sl96_ll48_pl192_dm512_nh8_el2_dl1_df2048_fc3_ebtimeF_dtTrue_Exp_0>>>>>>>>>>>>>>>>>>>>>>>>>>
train 36600
val 5079
test 10348
Epoch: 1 cost time: 46.84571623802185
Epoch: 1, Steps: 1143 | Train Loss: 0.5660374 Vali Loss: 0.4672977 Test Loss: 0.2262878
Validation loss decreased (inf --> 0.467298).  Saving model ...
Updating learning rate to 0.0001
Epoch: 2 cost time: 38.20093631744385
Epoch: 2, Steps: 1143 | Train Loss: 0.4708566 Vali Loss: 0.4596084 Test Loss: 0.2153932
Validation loss decreased (0.467298 --> 0.459608).  Saving model ...
Updating learning rate to 5e-05
Epoch: 3 cost time: 44.01189827919006
Epoch: 3, Steps: 1143 | Train Loss: 0.4441859 Vali Loss: 0.4516526 Test Loss: 0.2065643
Validation loss decreased (0.459608 --> 0.451653).  Saving model ...
Updating learning rate to 2.5e-05
Epoch: 4 cost time: 41.88030648231506
Epoch: 4, Steps: 1143 | Train Loss: 0.4312828 Vali Loss: 0.4516620 Test Loss: 0.2045098
EarlyStopping counter: 1 out of 3
Updating learning rate to 1.25e-05
Epoch: 5 cost time: 42.4377019405365
Epoch: 5, Steps: 1143 | Train Loss: 0.4247963 Vali Loss: 0.4524585 Test Loss: 0.2055420
EarlyStopping counter: 2 out of 3
Updating learning rate to 6.25e-06
Epoch: 6 cost time: 45.916444301605225
Epoch: 6, Steps: 1143 | Train Loss: 0.4215749 Vali Loss: 0.4499823 Test Loss: 0.2032194
Validation loss decreased (0.451653 --> 0.449982).  Saving model ...
Updating learning rate to 3.125e-06
Epoch: 7 cost time: 33.133257150650024
Traceback (most recent call last):
  File "run.py", line 175, in <module>
    main()
  File "run.py", line 139, in main
    exp.train(setting)
  File "/home/gzx/FEDformer-master/exp/exp_main.py", line 175, in train
    vali_loss = self.vali(vali_data, vali_loader, criterion)
  File "/home/gzx/FEDformer-master/exp/exp_main.py", line 67, in vali
    dec_inp = torch.zeros_like(batch_y[:, -self.args.pred_len:, :]).float()
KeyboardInterrupt
