Args in experiment:
Namespace(L=3, activation='gelu', base='legendre', batch_size=32, c_out=321, checkpoints='./checkpoints/', cross_activation='tanh', d_ff=2048, d_layers=1, d_model=512, data='custom', data_path='electricity.csv', dec_in=321, des='Exp', detail_freq='h', devices='0,1', distil=True, do_predict=False, dropout=0.05, e_layers=2, embed='timeF', enc_in=321, factor=3, features='M', freq='h', gpu=0, is_training=1, itr=3, label_len=48, learning_rate=0.0001, loss='mse', lradj='type1', mode_select='random', model='FEDformer_Patch', modes=64, moving_avg=[24], n_heads=8, num_workers=10, output_attention=False, patch_len=16, patience=3, pred_len=720, root_path='./dataset/electricity/', seq_len=96, stride=8, target='OT', task_id='ECL', train_epochs=10, use_amp=False, use_gpu=True, use_multi_gpu=False, version='Fourier')
Use GPU: cuda:0
PatchEmbedding: seq_len=96, patch_len=16, stride=8
PatchEmbedding: num_patch=11, pad_len=0
模型配置: patch_len=16, stride=8, num_patch=11
Fourier modes: 5
fourier enhanced block used!
modes=5, index=[0, 1, 2, 3, 4]
>>>>>>>start training : ECL_FEDformer_Patch_random_modes64_custom_ftM_sl96_ll48_pl720_dm512_nh8_el2_dl1_df2048_fc3_ebtimeF_dtTrue_Exp_0>>>>>>>>>>>>>>>>>>>>>>>>>>
train 17597
val 1913
test 4541
Epoch: 1 cost time: 236.2542860507965
Epoch: 1, Steps: 549 | Train Loss: 0.3395380 Vali Loss: 0.2150659 Test Loss: 0.2524169
Validation loss decreased (inf --> 0.215066).  Saving model ...
Updating learning rate to 0.0001
Epoch: 2 cost time: 237.1744270324707
Epoch: 2, Steps: 549 | Train Loss: 0.2884178 Vali Loss: 0.2102743 Test Loss: 0.2472140
Validation loss decreased (0.215066 --> 0.210274).  Saving model ...
Updating learning rate to 5e-05
Epoch: 3 cost time: 236.98608231544495
Epoch: 3, Steps: 549 | Train Loss: 0.2823948 Vali Loss: 0.2058791 Test Loss: 0.2447117
Validation loss decreased (0.210274 --> 0.205879).  Saving model ...
Updating learning rate to 2.5e-05
Epoch: 4 cost time: 237.0521056652069
Epoch: 4, Steps: 549 | Train Loss: 0.2802471 Vali Loss: 0.2066242 Test Loss: 0.2422805
EarlyStopping counter: 1 out of 3
Updating learning rate to 1.25e-05
Epoch: 5 cost time: 236.55953884124756
Epoch: 5, Steps: 549 | Train Loss: 0.2790684 Vali Loss: 0.2084552 Test Loss: 0.2410804
EarlyStopping counter: 2 out of 3
Updating learning rate to 6.25e-06
Epoch: 6 cost time: 236.153466463089
Epoch: 6, Steps: 549 | Train Loss: 0.2784969 Vali Loss: 0.2093526 Test Loss: 0.2406709
EarlyStopping counter: 3 out of 3
Early stopping
>>>>>>>testing : ECL_FEDformer_Patch_random_modes64_custom_ftM_sl96_ll48_pl720_dm512_nh8_el2_dl1_df2048_fc3_ebtimeF_dtTrue_Exp_0<<<<<<<<<<<<<<<<<<<<<<<<<<<<<<<<<
test 4541
test shape: (141, 32, 720, 321) (141, 32, 720, 321)
test shape: (4512, 720, 321) (4512, 720, 321)
mse:0.24471138417720795, mae:0.33384257555007935
Use GPU: cuda:0
PatchEmbedding: seq_len=96, patch_len=16, stride=8
PatchEmbedding: num_patch=11, pad_len=0
模型配置: patch_len=16, stride=8, num_patch=11
Fourier modes: 5
fourier enhanced block used!
modes=5, index=[0, 1, 2, 3, 4]
>>>>>>>start training : ECL_FEDformer_Patch_random_modes64_custom_ftM_sl96_ll48_pl720_dm512_nh8_el2_dl1_df2048_fc3_ebtimeF_dtTrue_Exp_1>>>>>>>>>>>>>>>>>>>>>>>>>>
train 17597
val 1913
test 4541
Epoch: 1 cost time: 236.9724793434143
Epoch: 1, Steps: 549 | Train Loss: 0.3424121 Vali Loss: 0.2240760 Test Loss: 0.2547952
Validation loss decreased (inf --> 0.224076).  Saving model ...
Updating learning rate to 0.0001
Epoch: 2 cost time: 240.7948181629181
Epoch: 2, Steps: 549 | Train Loss: 0.2882900 Vali Loss: 0.2104420 Test Loss: 0.2454153
Validation loss decreased (0.224076 --> 0.210442).  Saving model ...
Updating learning rate to 5e-05
Epoch: 3 cost time: 240.69361639022827
Epoch: 3, Steps: 549 | Train Loss: 0.2825759 Vali Loss: 0.2088020 Test Loss: 0.2443982
Validation loss decreased (0.210442 --> 0.208802).  Saving model ...
Updating learning rate to 2.5e-05
Epoch: 4 cost time: 241.17815589904785
Epoch: 4, Steps: 549 | Train Loss: 0.2803322 Vali Loss: 0.2060822 Test Loss: 0.2435834
Validation loss decreased (0.208802 --> 0.206082).  Saving model ...
Updating learning rate to 1.25e-05
Epoch: 5 cost time: 247.0037910938263
Epoch: 5, Steps: 549 | Train Loss: 0.2790484 Vali Loss: 0.2069544 Test Loss: 0.2412764
EarlyStopping counter: 1 out of 3
Updating learning rate to 6.25e-06
Epoch: 6 cost time: 248.34986853599548
Epoch: 6, Steps: 549 | Train Loss: 0.2785419 Vali Loss: 0.2080627 Test Loss: 0.2408793
EarlyStopping counter: 2 out of 3
Updating learning rate to 3.125e-06
Epoch: 7 cost time: 247.96591305732727
Epoch: 7, Steps: 549 | Train Loss: 0.2781685 Vali Loss: 0.2062076 Test Loss: 0.2410908
EarlyStopping counter: 3 out of 3
Early stopping
>>>>>>>testing : ECL_FEDformer_Patch_random_modes64_custom_ftM_sl96_ll48_pl720_dm512_nh8_el2_dl1_df2048_fc3_ebtimeF_dtTrue_Exp_1<<<<<<<<<<<<<<<<<<<<<<<<<<<<<<<<<
test 4541
test shape: (141, 32, 720, 321) (141, 32, 720, 321)
test shape: (4512, 720, 321) (4512, 720, 321)
mse:0.24358466267585754, mae:0.3336371183395386
Use GPU: cuda:0
PatchEmbedding: seq_len=96, patch_len=16, stride=8
PatchEmbedding: num_patch=11, pad_len=0
模型配置: patch_len=16, stride=8, num_patch=11
Fourier modes: 5
fourier enhanced block used!
modes=5, index=[0, 1, 2, 3, 4]
>>>>>>>start training : ECL_FEDformer_Patch_random_modes64_custom_ftM_sl96_ll48_pl720_dm512_nh8_el2_dl1_df2048_fc3_ebtimeF_dtTrue_Exp_2>>>>>>>>>>>>>>>>>>>>>>>>>>
train 17597
val 1913
test 4541
Epoch: 1 cost time: 246.38421368598938
Epoch: 1, Steps: 549 | Train Loss: 0.3416519 Vali Loss: 0.2120061 Test Loss: 0.2558950
Validation loss decreased (inf --> 0.212006).  Saving model ...
Updating learning rate to 0.0001
Epoch: 2 cost time: 247.5013735294342
Epoch: 2, Steps: 549 | Train Loss: 0.2886299 Vali Loss: 0.2078212 Test Loss: 0.2457339
Validation loss decreased (0.212006 --> 0.207821).  Saving model ...
Updating learning rate to 5e-05
Epoch: 3 cost time: 247.29392910003662
Epoch: 3, Steps: 549 | Train Loss: 0.2829512 Vali Loss: 0.2092848 Test Loss: 0.2423267
EarlyStopping counter: 1 out of 3
Updating learning rate to 2.5e-05
Epoch: 4 cost time: 246.85168170928955
Epoch: 4, Steps: 549 | Train Loss: 0.2807624 Vali Loss: 0.2067144 Test Loss: 0.2420781
Validation loss decreased (0.207821 --> 0.206714).  Saving model ...
Updating learning rate to 1.25e-05
Epoch: 5 cost time: 247.28427600860596
Epoch: 5, Steps: 549 | Train Loss: 0.2796048 Vali Loss: 0.2070792 Test Loss: 0.2417576
EarlyStopping counter: 1 out of 3
Updating learning rate to 6.25e-06
Epoch: 6 cost time: 247.2929162979126
Epoch: 6, Steps: 549 | Train Loss: 0.2789066 Vali Loss: 0.2082588 Test Loss: 0.2409930
EarlyStopping counter: 2 out of 3
Updating learning rate to 3.125e-06
