Args in experiment:
Namespace(L=3, activation='gelu', base='legendre', batch_size=32, c_out=8, checkpoints='./checkpoints/', cross_activation='tanh', d_ff=2048, d_layers=1, d_model=512, data='custom', data_path='exchange_rate.csv', dec_in=8, des='Exp', detail_freq='h', devices='0,1', distil=True, do_predict=False, dropout=0.05, e_layers=2, embed='timeF', enc_in=8, factor=3, features='M', freq='h', gpu=0, is_training=1, itr=1, label_len=48, learning_rate=0.0001, loss='mse', lradj='type1', mode_select='random', model='FEDformer_Patch_wo_Patching', modes=64, moving_avg=[24], n_heads=8, num_workers=10, output_attention=False, patch_len=16, patience=3, pred_len=720, root_path='./dataset/exchange_rate/', seq_len=96, stride=8, target='OT', task_id='Exchange', train_epochs=10, use_amp=False, use_gpu=True, use_multi_gpu=False, version='Fourier')
Use GPU: cuda:0
w/o Patching Mode: seq_len=96, enc_modes=48
fourier enhanced block used!
modes=48, index=[0, 1, 2, 3, 4, 5, 6, 7, 8, 9, 10, 11, 12, 13, 14, 15, 16, 17, 18, 19, 20, 21, 22, 23, 24, 25, 26, 27, 28, 29, 30, 31, 32, 33, 34, 35, 36, 37, 38, 39, 40, 41, 42, 43, 44, 45, 46, 47]
>>>>>>>start training : Exchange_FEDformer_Patch_wo_Patching_random_modes64_custom_ftM_sl96_ll48_pl720_dm512_nh8_el2_dl1_df2048_fc3_ebtimeF_dtTrue_Exp_0>>>>>>>>>>>>>>>>>>>>>>>>>>
train 4496
val 41
test 798
Epoch: 1 cost time: 23.708253860473633
Epoch: 1, Steps: 140 | Train Loss: 0.9811063 Vali Loss: 3.5454454 Test Loss: 1.2435495
Validation loss decreased (inf --> 3.545445).  Saving model ...
Updating learning rate to 0.0001
Epoch: 2 cost time: 24.63745093345642
Epoch: 2, Steps: 140 | Train Loss: 0.6720949 Vali Loss: 3.2994828 Test Loss: 0.9107243
Validation loss decreased (3.545445 --> 3.299483).  Saving model ...
Updating learning rate to 5e-05
Epoch: 3 cost time: 24.718514919281006
Epoch: 3, Steps: 140 | Train Loss: 0.6043469 Vali Loss: 3.2971649 Test Loss: 0.9065709
Validation loss decreased (3.299483 --> 3.297165).  Saving model ...
Updating learning rate to 2.5e-05
Epoch: 4 cost time: 24.542331218719482
Epoch: 4, Steps: 140 | Train Loss: 0.5825201 Vali Loss: 3.4175260 Test Loss: 0.8853092
EarlyStopping counter: 1 out of 3
Updating learning rate to 1.25e-05
Epoch: 5 cost time: 23.42801260948181
Epoch: 5, Steps: 140 | Train Loss: 0.5734598 Vali Loss: 3.2696307 Test Loss: 0.8706395
Validation loss decreased (3.297165 --> 3.269631).  Saving model ...
Updating learning rate to 6.25e-06
Epoch: 6 cost time: 24.72807478904724
Epoch: 6, Steps: 140 | Train Loss: 0.5682998 Vali Loss: 3.3230886 Test Loss: 0.8664439
EarlyStopping counter: 1 out of 3
Updating learning rate to 3.125e-06
Epoch: 7 cost time: 23.86133861541748
Epoch: 7, Steps: 140 | Train Loss: 0.5646483 Vali Loss: 3.2588098 Test Loss: 0.8622645
Validation loss decreased (3.269631 --> 3.258810).  Saving model ...
Updating learning rate to 1.5625e-06
Epoch: 8 cost time: 23.145004987716675
Epoch: 8, Steps: 140 | Train Loss: 0.5635508 Vali Loss: 3.3024035 Test Loss: 0.8621867
EarlyStopping counter: 1 out of 3
Updating learning rate to 7.8125e-07
Epoch: 9 cost time: 24.244317054748535
Epoch: 9, Steps: 140 | Train Loss: 0.5626022 Vali Loss: 3.2786081 Test Loss: 0.8640642
EarlyStopping counter: 2 out of 3
Updating learning rate to 3.90625e-07
Epoch: 10 cost time: 23.840567350387573
Epoch: 10, Steps: 140 | Train Loss: 0.5613155 Vali Loss: 3.2975707 Test Loss: 0.8640239
EarlyStopping counter: 3 out of 3
Early stopping
>>>>>>>testing : Exchange_FEDformer_Patch_wo_Patching_random_modes64_custom_ftM_sl96_ll48_pl720_dm512_nh8_el2_dl1_df2048_fc3_ebtimeF_dtTrue_Exp_0<<<<<<<<<<<<<<<<<<<<<<<<<<<<<<<<<
test 798
test shape: (24, 32, 720, 8) (24, 32, 720, 8)
test shape: (768, 720, 8) (768, 720, 8)
mse:0.8622647523880005, mae:0.698457658290863
