Args in experiment:
Namespace(L=3, activation='gelu', base='legendre', batch_size=32, c_out=8, checkpoints='./checkpoints/', cross_activation='tanh', d_ff=2048, d_layers=1, d_model=512, data='custom', data_path='exchange_rate.csv', dec_in=8, des='Exp', detail_freq='h', devices='0,1', distil=True, do_predict=False, dropout=0.05, e_layers=2, embed='timeF', enc_in=8, factor=3, features='M', freq='h', gpu=0, is_training=1, itr=1, label_len=48, learning_rate=0.0001, loss='mse', lradj='type1', mode_select='random', model='FEDformer_Patch_wo_Patching', modes=64, moving_avg=[24], n_heads=8, num_workers=10, output_attention=False, patch_len=16, patience=3, pred_len=96, root_path='./dataset/exchange_rate/', seq_len=96, stride=8, target='OT', task_id='Exchange', train_epochs=10, use_amp=False, use_gpu=True, use_multi_gpu=False, version='Fourier')
Use GPU: cuda:0
w/o Patching Mode: seq_len=96, enc_modes=48
fourier enhanced block used!
modes=48, index=[0, 1, 2, 3, 4, 5, 6, 7, 8, 9, 10, 11, 12, 13, 14, 15, 16, 17, 18, 19, 20, 21, 22, 23, 24, 25, 26, 27, 28, 29, 30, 31, 32, 33, 34, 35, 36, 37, 38, 39, 40, 41, 42, 43, 44, 45, 46, 47]
>>>>>>>start training : Exchange_FEDformer_Patch_wo_Patching_random_modes64_custom_ftM_sl96_ll48_pl96_dm512_nh8_el2_dl1_df2048_fc3_ebtimeF_dtTrue_Exp_0>>>>>>>>>>>>>>>>>>>>>>>>>>
train 5120
val 665
test 1422
Epoch: 1 cost time: 27.673640966415405
Epoch: 1, Steps: 160 | Train Loss: 0.8130507 Vali Loss: 0.9444962 Test Loss: 0.5100288
Validation loss decreased (inf --> 0.944496).  Saving model ...
Updating learning rate to 0.0001
Epoch: 2 cost time: 27.21085286140442
Epoch: 2, Steps: 160 | Train Loss: 0.1976607 Vali Loss: 0.2498372 Test Loss: 0.1291163
Validation loss decreased (0.944496 --> 0.249837).  Saving model ...
Updating learning rate to 5e-05
Epoch: 3 cost time: 27.376803874969482
Epoch: 3, Steps: 160 | Train Loss: 0.1473397 Vali Loss: 0.2059024 Test Loss: 0.1041030
Validation loss decreased (0.249837 --> 0.205902).  Saving model ...
Updating learning rate to 2.5e-05
Epoch: 4 cost time: 27.759485483169556
Epoch: 4, Steps: 160 | Train Loss: 0.1385929 Vali Loss: 0.1863391 Test Loss: 0.0914517
Validation loss decreased (0.205902 --> 0.186339).  Saving model ...
Updating learning rate to 1.25e-05
Epoch: 5 cost time: 27.612894773483276
Epoch: 5, Steps: 160 | Train Loss: 0.1339715 Vali Loss: 0.1822660 Test Loss: 0.0886258
Validation loss decreased (0.186339 --> 0.182266).  Saving model ...
Updating learning rate to 6.25e-06
Epoch: 6 cost time: 27.030752420425415
Epoch: 6, Steps: 160 | Train Loss: 0.1317701 Vali Loss: 0.1815132 Test Loss: 0.0879385
Validation loss decreased (0.182266 --> 0.181513).  Saving model ...
Updating learning rate to 3.125e-06
Epoch: 7 cost time: 26.61114811897278
Epoch: 7, Steps: 160 | Train Loss: 0.1309035 Vali Loss: 0.1786452 Test Loss: 0.0868381
Validation loss decreased (0.181513 --> 0.178645).  Saving model ...
Updating learning rate to 1.5625e-06
Epoch: 8 cost time: 26.851476430892944
Epoch: 8, Steps: 160 | Train Loss: 0.1300737 Vali Loss: 0.1770186 Test Loss: 0.0862732
Validation loss decreased (0.178645 --> 0.177019).  Saving model ...
Updating learning rate to 7.8125e-07
Epoch: 9 cost time: 26.656556367874146
Epoch: 9, Steps: 160 | Train Loss: 0.1298323 Vali Loss: 0.1754517 Test Loss: 0.0859612
Validation loss decreased (0.177019 --> 0.175452).  Saving model ...
Updating learning rate to 3.90625e-07
Epoch: 10 cost time: 26.789840936660767
Epoch: 10, Steps: 160 | Train Loss: 0.1296822 Vali Loss: 0.1753566 Test Loss: 0.0859588
Validation loss decreased (0.175452 --> 0.175357).  Saving model ...
Updating learning rate to 1.953125e-07
>>>>>>>testing : Exchange_FEDformer_Patch_wo_Patching_random_modes64_custom_ftM_sl96_ll48_pl96_dm512_nh8_el2_dl1_df2048_fc3_ebtimeF_dtTrue_Exp_0<<<<<<<<<<<<<<<<<<<<<<<<<<<<<<<<<
test 1422
test shape: (44, 32, 96, 8) (44, 32, 96, 8)
test shape: (1408, 96, 8) (1408, 96, 8)
mse:0.08595883846282959, mae:0.21307367086410522
