Args in experiment:
Namespace(L=3, activation='gelu', base='legendre', batch_size=32, c_out=8, checkpoints='./checkpoints/', cross_activation='tanh', d_ff=2048, d_layers=1, d_model=512, data='custom', data_path='exchange_rate.csv', dec_in=8, des='Exp', detail_freq='h', devices='0,1', distil=True, do_predict=False, dropout=0.05, e_layers=2, embed='timeF', enc_in=8, factor=3, features='M', freq='h', gpu=0, is_training=1, itr=1, label_len=48, learning_rate=0.0001, loss='mse', lradj='type1', mode_select='random', model='FEDformer_Patch_wo_Patching', modes=64, moving_avg=[24], n_heads=8, num_workers=10, output_attention=False, patch_len=16, patience=3, pred_len=336, root_path='./dataset/exchange_rate/', seq_len=96, stride=8, target='OT', task_id='Exchange', train_epochs=10, use_amp=False, use_gpu=True, use_multi_gpu=False, version='Fourier')
Use GPU: cuda:0
w/o Patching Mode: seq_len=96, enc_modes=48
fourier enhanced block used!
modes=48, index=[0, 1, 2, 3, 4, 5, 6, 7, 8, 9, 10, 11, 12, 13, 14, 15, 16, 17, 18, 19, 20, 21, 22, 23, 24, 25, 26, 27, 28, 29, 30, 31, 32, 33, 34, 35, 36, 37, 38, 39, 40, 41, 42, 43, 44, 45, 46, 47]
>>>>>>>start training : Exchange_FEDformer_Patch_wo_Patching_random_modes64_custom_ftM_sl96_ll48_pl336_dm512_nh8_el2_dl1_df2048_fc3_ebtimeF_dtTrue_Exp_0>>>>>>>>>>>>>>>>>>>>>>>>>>
train 4880
val 425
test 1182
Epoch: 1 cost time: 25.17131018638611
Epoch: 1, Steps: 152 | Train Loss: 0.8344101 Vali Loss: 1.6988361 Test Loss: 0.7073503
Validation loss decreased (inf --> 1.698836).  Saving model ...
Updating learning rate to 0.0001
Epoch: 2 cost time: 24.965674877166748
Epoch: 2, Steps: 152 | Train Loss: 0.4587444 Vali Loss: 1.0391458 Test Loss: 0.3758664
Validation loss decreased (1.698836 --> 1.039146).  Saving model ...
Updating learning rate to 5e-05
Epoch: 3 cost time: 26.165233850479126
Epoch: 3, Steps: 152 | Train Loss: 0.3976138 Vali Loss: 0.9455088 Test Loss: 0.3381320
Validation loss decreased (1.039146 --> 0.945509).  Saving model ...
Updating learning rate to 2.5e-05
Epoch: 4 cost time: 26.38767695426941
Epoch: 4, Steps: 152 | Train Loss: 0.3815360 Vali Loss: 0.9499201 Test Loss: 0.3376426
EarlyStopping counter: 1 out of 3
Updating learning rate to 1.25e-05
Epoch: 5 cost time: 25.602965593338013
Epoch: 5, Steps: 152 | Train Loss: 0.3736807 Vali Loss: 0.8990422 Test Loss: 0.3245649
Validation loss decreased (0.945509 --> 0.899042).  Saving model ...
Updating learning rate to 6.25e-06
Epoch: 6 cost time: 25.963451147079468
Epoch: 6, Steps: 152 | Train Loss: 0.3679518 Vali Loss: 0.9250873 Test Loss: 0.3340876
EarlyStopping counter: 1 out of 3
Updating learning rate to 3.125e-06
Epoch: 7 cost time: 25.743292808532715
Epoch: 7, Steps: 152 | Train Loss: 0.3664045 Vali Loss: 0.9155788 Test Loss: 0.3287563
EarlyStopping counter: 2 out of 3
Updating learning rate to 1.5625e-06
Epoch: 8 cost time: 25.80307149887085
Epoch: 8, Steps: 152 | Train Loss: 0.3645938 Vali Loss: 0.9088576 Test Loss: 0.3277313
EarlyStopping counter: 3 out of 3
Early stopping
>>>>>>>testing : Exchange_FEDformer_Patch_wo_Patching_random_modes64_custom_ftM_sl96_ll48_pl336_dm512_nh8_el2_dl1_df2048_fc3_ebtimeF_dtTrue_Exp_0<<<<<<<<<<<<<<<<<<<<<<<<<<<<<<<<<
test 1182
test shape: (36, 32, 336, 8) (36, 32, 336, 8)
test shape: (1152, 336, 8) (1152, 336, 8)
mse:0.32456472516059875, mae:0.43244293332099915
