Args in experiment:
Namespace(L=3, activation='gelu', base='legendre', batch_size=32, c_out=8, checkpoints='./checkpoints/', cross_activation='tanh', d_ff=2048, d_layers=1, d_model=512, data='custom', data_path='exchange_rate.csv', dec_in=8, des='Exp', detail_freq='h', devices='0,1', distil=True, do_predict=False, dropout=0.05, e_layers=2, embed='timeF', enc_in=8, factor=3, features='M', freq='h', gpu=0, is_training=1, itr=1, label_len=48, learning_rate=0.0001, loss='mse', lradj='type1', mode_select='random', model='FEDformer_Patch_wo_Patching', modes=64, moving_avg=[24], n_heads=8, num_workers=10, output_attention=False, patch_len=16, patience=3, pred_len=192, root_path='./dataset/exchange_rate/', seq_len=96, stride=8, target='OT', task_id='Exchange', train_epochs=10, use_amp=False, use_gpu=True, use_multi_gpu=False, version='Fourier')
Use GPU: cuda:0
w/o Patching Mode: seq_len=96, enc_modes=48
fourier enhanced block used!
modes=48, index=[0, 1, 2, 3, 4, 5, 6, 7, 8, 9, 10, 11, 12, 13, 14, 15, 16, 17, 18, 19, 20, 21, 22, 23, 24, 25, 26, 27, 28, 29, 30, 31, 32, 33, 34, 35, 36, 37, 38, 39, 40, 41, 42, 43, 44, 45, 46, 47]
>>>>>>>start training : Exchange_FEDformer_Patch_wo_Patching_random_modes64_custom_ftM_sl96_ll48_pl192_dm512_nh8_el2_dl1_df2048_fc3_ebtimeF_dtTrue_Exp_0>>>>>>>>>>>>>>>>>>>>>>>>>>
train 5024
val 569
test 1326
Epoch: 1 cost time: 25.85090684890747
Epoch: 1, Steps: 157 | Train Loss: 0.7720741 Vali Loss: 0.9651904 Test Loss: 0.4851297
Validation loss decreased (inf --> 0.965190).  Saving model ...
Updating learning rate to 0.0001
Epoch: 2 cost time: 25.946882963180542
Epoch: 2, Steps: 157 | Train Loss: 0.2985014 Vali Loss: 0.4642316 Test Loss: 0.2225756
Validation loss decreased (0.965190 --> 0.464232).  Saving model ...
Updating learning rate to 5e-05
Epoch: 3 cost time: 26.127747535705566
Epoch: 3, Steps: 157 | Train Loss: 0.2574449 Vali Loss: 0.3973236 Test Loss: 0.1823135
Validation loss decreased (0.464232 --> 0.397324).  Saving model ...
Updating learning rate to 2.5e-05
Epoch: 4 cost time: 25.99463963508606
Epoch: 4, Steps: 157 | Train Loss: 0.2457282 Vali Loss: 0.3911480 Test Loss: 0.1794474
Validation loss decreased (0.397324 --> 0.391148).  Saving model ...
Updating learning rate to 1.25e-05
Epoch: 5 cost time: 25.63341212272644
Epoch: 5, Steps: 157 | Train Loss: 0.2407163 Vali Loss: 0.4079337 Test Loss: 0.1826209
EarlyStopping counter: 1 out of 3
Updating learning rate to 6.25e-06
Epoch: 6 cost time: 26.645626068115234
Epoch: 6, Steps: 157 | Train Loss: 0.2371149 Vali Loss: 0.3901562 Test Loss: 0.1777583
Validation loss decreased (0.391148 --> 0.390156).  Saving model ...
Updating learning rate to 3.125e-06
Epoch: 7 cost time: 26.52866792678833
Epoch: 7, Steps: 157 | Train Loss: 0.2356363 Vali Loss: 0.3950762 Test Loss: 0.1775290
EarlyStopping counter: 1 out of 3
Updating learning rate to 1.5625e-06
Epoch: 8 cost time: 25.568344354629517
Epoch: 8, Steps: 157 | Train Loss: 0.2350740 Vali Loss: 0.3948773 Test Loss: 0.1774974
EarlyStopping counter: 2 out of 3
Updating learning rate to 7.8125e-07
Epoch: 9 cost time: 25.46248459815979
Epoch: 9, Steps: 157 | Train Loss: 0.2344573 Vali Loss: 0.3920635 Test Loss: 0.1775254
EarlyStopping counter: 3 out of 3
Early stopping
>>>>>>>testing : Exchange_FEDformer_Patch_wo_Patching_random_modes64_custom_ftM_sl96_ll48_pl192_dm512_nh8_el2_dl1_df2048_fc3_ebtimeF_dtTrue_Exp_0<<<<<<<<<<<<<<<<<<<<<<<<<<<<<<<<<
test 1326
test shape: (41, 32, 192, 8) (41, 32, 192, 8)
test shape: (1312, 192, 8) (1312, 192, 8)
mse:0.17775830626487732, mae:0.3163808286190033
