Args in experiment:
Namespace(L=3, activation='gelu', base='legendre', batch_size=32, c_out=21, checkpoints='./checkpoints/', cross_activation='tanh', d_ff=2048, d_layers=1, d_model=512, data='custom', data_path='weather.csv', dec_in=21, des='Exp', detail_freq='h', devices='0,1', distil=True, do_predict=False, dropout=0.05, e_layers=2, embed='timeF', enc_in=21, factor=3, features='M', freq='h', gpu=0, is_training=1, itr=1, label_len=48, learning_rate=0.0001, loss='mse', lradj='type1', mode_select='random', model='FEDformer_Patch_wo_Patching', modes=64, moving_avg=[24], n_heads=8, num_workers=10, output_attention=False, patch_len=16, patience=3, pred_len=96, root_path='./dataset/weather/', seq_len=96, stride=8, target='OT', task_id='weather', train_epochs=10, use_amp=False, use_gpu=True, use_multi_gpu=False, version='Fourier')
Use GPU: cuda:0
w/o Patching Mode: seq_len=96, enc_modes=48
fourier enhanced block used!
modes=48, index=[0, 1, 2, 3, 4, 5, 6, 7, 8, 9, 10, 11, 12, 13, 14, 15, 16, 17, 18, 19, 20, 21, 22, 23, 24, 25, 26, 27, 28, 29, 30, 31, 32, 33, 34, 35, 36, 37, 38, 39, 40, 41, 42, 43, 44, 45, 46, 47]
>>>>>>>start training : weather_FEDformer_Patch_wo_Patching_random_modes64_custom_ftM_sl96_ll48_pl96_dm512_nh8_el2_dl1_df2048_fc3_ebtimeF_dtTrue_Exp_0>>>>>>>>>>>>>>>>>>>>>>>>>>
train 36696
val 5175
test 10444
Epoch: 1 cost time: 469.6034610271454
Epoch: 1, Steps: 1146 | Train Loss: 0.5615771 Vali Loss: 0.4477493 Test Loss: 0.2020319
Validation loss decreased (inf --> 0.447749).  Saving model ...
Updating learning rate to 0.0001
Epoch: 2 cost time: 477.5166518688202
Epoch: 2, Steps: 1146 | Train Loss: 0.4482284 Vali Loss: 0.4284950 Test Loss: 0.1952417
Validation loss decreased (0.447749 --> 0.428495).  Saving model ...
Updating learning rate to 5e-05
Epoch: 3 cost time: 478.4699342250824
Traceback (most recent call last):
  File "run.py", line 175, in <module>
    main()
  File "run.py", line 139, in main
    exp.train(setting)
  File "/home/gzx/FEDformer-master/exp/exp_main.py", line 173, in train
    print("Epoch: {} cost time: {}".format(epoch + 1, time.time() - epoch_time))
  File "/home/gzx/FEDformer-master/exp/exp_main.py", line 58, in vali
    with torch.no_grad():
KeyboardInterrupt
