Args in experiment:
Namespace(L=3, activation='gelu', base='legendre', batch_size=32, c_out=8, checkpoints='./checkpoints/', cross_activation='tanh', d_ff=2048, d_layers=1, d_model=512, data='custom', data_path='exchange_rate.csv', dec_in=8, des='Exp', detail_freq='h', devices='0,1', distil=True, do_predict=False, dropout=0.05, e_layers=2, embed='timeF', enc_in=8, factor=3, features='M', freq='h', gpu=0, is_training=1, itr=1, label_len=48, learning_rate=0.0001, loss='mse', lradj='type1', mode_select='random', model='FEDformer_Patch_wo_Frequency_Attention', modes=64, moving_avg=[24], n_heads=8, num_workers=10, output_attention=False, patch_len=16, patience=3, pred_len=336, root_path='./dataset/exchange_rate/', seq_len=96, stride=8, target='OT', task_id='Exchange', train_epochs=10, use_amp=False, use_gpu=True, use_multi_gpu=False, version='Fourier')
Use GPU: cuda:0
PatchEmbedding: seq_len=96, patch_len=16, stride=8
PatchEmbedding: num_patch=11, pad_len=0
w/o Freq Attn Model: patch_len=16, num_patch=11
Ablation Info: Replacing FourierBlock with Vanilla FullAttention (Time Domain)
>>>>>>>start training : Exchange_FEDformer_Patch_wo_Frequency_Attention_random_modes64_custom_ftM_sl96_ll48_pl336_dm512_nh8_el2_dl1_df2048_fc3_ebtimeF_dtTrue_Exp_0>>>>>>>>>>>>>>>>>>>>>>>>>>
train 4880
val 425
test 1182
Epoch: 1 cost time: 4.797381639480591
Epoch: 1, Steps: 152 | Train Loss: 0.7181225 Vali Loss: 1.7590504 Test Loss: 0.6113464
Validation loss decreased (inf --> 1.759050).  Saving model ...
Updating learning rate to 0.0001
Epoch: 2 cost time: 6.976313829421997
Epoch: 2, Steps: 152 | Train Loss: 0.4436875 Vali Loss: 1.2700105 Test Loss: 0.3665434
Validation loss decreased (1.759050 --> 1.270010).  Saving model ...
Updating learning rate to 5e-05
Epoch: 3 cost time: 8.445292472839355
Epoch: 3, Steps: 152 | Train Loss: 0.4222960 Vali Loss: 1.3281518 Test Loss: 0.3746629
EarlyStopping counter: 1 out of 3
Updating learning rate to 2.5e-05
Epoch: 4 cost time: 8.305936336517334
Epoch: 4, Steps: 152 | Train Loss: 0.4164864 Vali Loss: 1.2293274 Test Loss: 0.3535803
Validation loss decreased (1.270010 --> 1.229327).  Saving model ...
Updating learning rate to 1.25e-05
Epoch: 5 cost time: 8.13874864578247
Epoch: 5, Steps: 152 | Train Loss: 0.4140365 Vali Loss: 1.2170084 Test Loss: 0.3507569
Validation loss decreased (1.229327 --> 1.217008).  Saving model ...
Updating learning rate to 6.25e-06
Epoch: 6 cost time: 8.013710021972656
Epoch: 6, Steps: 152 | Train Loss: 0.4125900 Vali Loss: 1.1776097 Test Loss: 0.3425392
Validation loss decreased (1.217008 --> 1.177610).  Saving model ...
Updating learning rate to 3.125e-06
Epoch: 7 cost time: 7.804258346557617
Epoch: 7, Steps: 152 | Train Loss: 0.4116944 Vali Loss: 1.1443410 Test Loss: 0.3386035
Validation loss decreased (1.177610 --> 1.144341).  Saving model ...
Updating learning rate to 1.5625e-06
Epoch: 8 cost time: 5.7541162967681885
Epoch: 8, Steps: 152 | Train Loss: 0.4117064 Vali Loss: 1.1270719 Test Loss: 0.3356358
Validation loss decreased (1.144341 --> 1.127072).  Saving model ...
Updating learning rate to 7.8125e-07
Epoch: 9 cost time: 4.368861198425293
Epoch: 9, Steps: 152 | Train Loss: 0.4115171 Vali Loss: 1.1488391 Test Loss: 0.3379569
EarlyStopping counter: 1 out of 3
Updating learning rate to 3.90625e-07
Epoch: 10 cost time: 5.942698001861572
Epoch: 10, Steps: 152 | Train Loss: 0.4109581 Vali Loss: 1.1453850 Test Loss: 0.3377528
EarlyStopping counter: 2 out of 3
Updating learning rate to 1.953125e-07
>>>>>>>testing : Exchange_FEDformer_Patch_wo_Frequency_Attention_random_modes64_custom_ftM_sl96_ll48_pl336_dm512_nh8_el2_dl1_df2048_fc3_ebtimeF_dtTrue_Exp_0<<<<<<<<<<<<<<<<<<<<<<<<<<<<<<<<<
test 1182
test shape: (36, 32, 336, 8) (36, 32, 336, 8)
test shape: (1152, 336, 8) (1152, 336, 8)
mse:0.3356357514858246, mae:0.4437432289123535
