Args in experiment:
Namespace(L=3, activation='gelu', base='legendre', batch_size=32, c_out=8, checkpoints='./checkpoints/', cross_activation='tanh', d_ff=2048, d_layers=1, d_model=512, data='custom', data_path='exchange_rate.csv', dec_in=8, des='Exp', detail_freq='h', devices='0,1', distil=True, do_predict=False, dropout=0.05, e_layers=2, embed='timeF', enc_in=8, factor=3, features='M', freq='h', gpu=0, is_training=1, itr=1, label_len=48, learning_rate=0.0001, loss='mse', lradj='type1', mode_select='random', model='FEDformer_Patch_wo_Frequency_Attention', modes=64, moving_avg=[24], n_heads=8, num_workers=10, output_attention=False, patch_len=16, patience=3, pred_len=192, root_path='./dataset/exchange_rate/', seq_len=96, stride=8, target='OT', task_id='Exchange', train_epochs=10, use_amp=False, use_gpu=True, use_multi_gpu=False, version='Fourier')
Use GPU: cuda:0
PatchEmbedding: seq_len=96, patch_len=16, stride=8
PatchEmbedding: num_patch=11, pad_len=0
w/o Freq Attn Model: patch_len=16, num_patch=11
Ablation Info: Replacing FourierBlock with Vanilla FullAttention (Time Domain)
>>>>>>>start training : Exchange_FEDformer_Patch_wo_Frequency_Attention_random_modes64_custom_ftM_sl96_ll48_pl192_dm512_nh8_el2_dl1_df2048_fc3_ebtimeF_dtTrue_Exp_0>>>>>>>>>>>>>>>>>>>>>>>>>>
train 5024
val 569
test 1326
Epoch: 1 cost time: 3.859952926635742
Epoch: 1, Steps: 157 | Train Loss: 0.6093708 Vali Loss: 1.1033518 Test Loss: 0.4698829
Validation loss decreased (inf --> 1.103352).  Saving model ...
Updating learning rate to 0.0001
Epoch: 2 cost time: 3.5491185188293457
Epoch: 2, Steps: 157 | Train Loss: 0.3139315 Vali Loss: 0.7150279 Test Loss: 0.2572412
Validation loss decreased (1.103352 --> 0.715028).  Saving model ...
Updating learning rate to 5e-05
Epoch: 3 cost time: 3.6874685287475586
Epoch: 3, Steps: 157 | Train Loss: 0.2886786 Vali Loss: 0.4998769 Test Loss: 0.2041006
Validation loss decreased (0.715028 --> 0.499877).  Saving model ...
Updating learning rate to 2.5e-05
Epoch: 4 cost time: 4.61927056312561
Epoch: 4, Steps: 157 | Train Loss: 0.2824690 Vali Loss: 0.4978068 Test Loss: 0.2019886
Validation loss decreased (0.499877 --> 0.497807).  Saving model ...
Updating learning rate to 1.25e-05
Epoch: 5 cost time: 4.410358428955078
Epoch: 5, Steps: 157 | Train Loss: 0.2798052 Vali Loss: 0.4864311 Test Loss: 0.1989799
Validation loss decreased (0.497807 --> 0.486431).  Saving model ...
Updating learning rate to 6.25e-06
Epoch: 6 cost time: 4.362029075622559
Epoch: 6, Steps: 157 | Train Loss: 0.2783959 Vali Loss: 0.5142937 Test Loss: 0.2017475
EarlyStopping counter: 1 out of 3
Updating learning rate to 3.125e-06
Epoch: 7 cost time: 4.476544380187988
Epoch: 7, Steps: 157 | Train Loss: 0.2776852 Vali Loss: 0.4990259 Test Loss: 0.1990579
EarlyStopping counter: 2 out of 3
Updating learning rate to 1.5625e-06
Epoch: 8 cost time: 4.072859048843384
Epoch: 8, Steps: 157 | Train Loss: 0.2771256 Vali Loss: 0.5088084 Test Loss: 0.2002064
EarlyStopping counter: 3 out of 3
Early stopping
>>>>>>>testing : Exchange_FEDformer_Patch_wo_Frequency_Attention_random_modes64_custom_ftM_sl96_ll48_pl192_dm512_nh8_el2_dl1_df2048_fc3_ebtimeF_dtTrue_Exp_0<<<<<<<<<<<<<<<<<<<<<<<<<<<<<<<<<
test 1326
test shape: (41, 32, 192, 8) (41, 32, 192, 8)
test shape: (1312, 192, 8) (1312, 192, 8)
mse:0.19897980988025665, mae:0.3395196795463562
