Args in experiment:
Namespace(L=3, activation='gelu', base='legendre', batch_size=32, c_out=8, checkpoints='./checkpoints/', cross_activation='tanh', d_ff=2048, d_layers=1, d_model=512, data='custom', data_path='exchange_rate.csv', dec_in=8, des='Exp', detail_freq='h', devices='0,1', distil=True, do_predict=False, dropout=0.05, e_layers=2, embed='timeF', enc_in=8, factor=3, features='M', freq='h', gpu=0, is_training=1, itr=1, label_len=48, learning_rate=0.0001, loss='mse', lradj='type1', mode_select='random', model='FEDformer_Patch_w_Decoder', modes=64, moving_avg=[24], n_heads=8, num_workers=10, output_attention=False, patch_len=16, patience=3, pred_len=720, root_path='./dataset/exchange_rate/', seq_len=96, stride=8, target='OT', task_id='Exchange', train_epochs=10, use_amp=False, use_gpu=True, use_multi_gpu=False, version='Fourier')
Use GPU: cuda:0
PatchEmbedding: seq_len=96, patch_len=16, stride=8
PatchEmbedding: num_patch=11, pad_len=0
PatchEmbedding: seq_len=768, patch_len=16, stride=8
PatchEmbedding: num_patch=95, pad_len=0
w/ Decoder Model: enc_patches=11, dec_patches=95
fourier enhanced block used!
modes=5, index=[0, 1, 2, 3, 4]
fourier enhanced block used!
modes=47, index=[0, 1, 2, 3, 4, 5, 6, 7, 8, 9, 10, 11, 12, 13, 14, 15, 16, 17, 18, 19, 20, 21, 22, 23, 24, 25, 26, 27, 28, 29, 30, 31, 32, 33, 34, 35, 36, 37, 38, 39, 40, 41, 42, 43, 44, 45, 46]
 fourier enhanced cross attention used!
modes_q=47, index_q=[0, 1, 2, 3, 4, 5, 6, 7, 8, 9, 10, 11, 12, 13, 14, 15, 16, 17, 18, 19, 20, 21, 22, 23, 24, 25, 26, 27, 28, 29, 30, 31, 32, 33, 34, 35, 36, 37, 38, 39, 40, 41, 42, 43, 44, 45, 46]
modes_kv=5, index_kv=[0, 1, 2, 3, 4]
>>>>>>>start training : Exchange_FEDformer_Patch_w_Decoder_random_modes64_custom_ftM_sl96_ll48_pl720_dm512_nh8_el2_dl1_df2048_fc3_ebtimeF_dtTrue_Exp_0>>>>>>>>>>>>>>>>>>>>>>>>>>
train 4496
val 41
test 798
Epoch: 1 cost time: 28.8259596824646
Epoch: 1, Steps: 140 | Train Loss: 0.8378827 Vali Loss: 3.7549634 Test Loss: 1.1647583
Validation loss decreased (inf --> 3.754963).  Saving model ...
Updating learning rate to 0.0001
Epoch: 2 cost time: 26.860681295394897
Epoch: 2, Steps: 140 | Train Loss: 0.6367905 Vali Loss: 3.3745079 Test Loss: 0.8253912
Validation loss decreased (3.754963 --> 3.374508).  Saving model ...
Updating learning rate to 5e-05
Epoch: 3 cost time: 25.493393182754517
Epoch: 3, Steps: 140 | Train Loss: 0.6164785 Vali Loss: 3.4775960 Test Loss: 0.8643849
EarlyStopping counter: 1 out of 3
Updating learning rate to 2.5e-05
Epoch: 4 cost time: 26.962653636932373
Epoch: 4, Steps: 140 | Train Loss: 0.6103176 Vali Loss: 3.4121664 Test Loss: 0.8291572
EarlyStopping counter: 2 out of 3
Updating learning rate to 1.25e-05
Epoch: 5 cost time: 27.808640718460083
Epoch: 5, Steps: 140 | Train Loss: 0.6088983 Vali Loss: 3.4884059 Test Loss: 0.8458049
EarlyStopping counter: 3 out of 3
Early stopping
>>>>>>>testing : Exchange_FEDformer_Patch_w_Decoder_random_modes64_custom_ftM_sl96_ll48_pl720_dm512_nh8_el2_dl1_df2048_fc3_ebtimeF_dtTrue_Exp_0<<<<<<<<<<<<<<<<<<<<<<<<<<<<<<<<<
test 798
test shape: (24, 32, 720, 8) (24, 32, 720, 8)
test shape: (768, 720, 8) (768, 720, 8)
mse:0.8253908753395081, mae:0.6949806213378906
